Build started 10/1/2014 3:01:31 PM.
     1>Project "C:\Dev\Projects\LightingSimulation\LightingSimulation\LightingSimulation.vcxproj" on node 2 (Build target(s)).
     1>ClCompile:
         C:\Program Files (x86)\Microsoft Visual Studio 12.0\VC\bin\CL.exe /c /ZI /nologo /W3 /WX- /sdl /Od /Oy- /D _UNICODE /D UNICODE /Gm /EHsc /RTC1 /MDd /GS /fp:precise /Zc:wchar_t /Zc:forScope /Fo"Debug\\" /Fd"Debug\vc120.pdb" /Gd /TP /analyze- /errorReport:prompt Simulation.cpp
         Simulation.cpp
     1>c:\dev\projects\lightingsimulation\lightingsimulation\simulation.cpp(78): warning C4305: 'argument' : truncation from 'double' to 'float'
     1>c:\dev\projects\lightingsimulation\lightingsimulation\simulation.cpp(79): warning C4305: 'argument' : truncation from 'double' to 'float'
       Link:
         C:\Program Files (x86)\Microsoft Visual Studio 12.0\VC\bin\link.exe /ERRORREPORT:PROMPT /OUT:"C:\Dev\Projects\LightingSimulation\Debug\LightingSimulation.exe" /INCREMENTAL /NOLOGO assimpd.lib d3d11.lib d3dcompiler.lib kernel32.lib user32.lib gdi32.lib winspool.lib comdlg32.lib advapi32.lib shell32.lib ole32.lib oleaut32.lib uuid.lib odbc32.lib odbccp32.lib /MANIFEST /MANIFESTUAC:"level='asInvoker' uiAccess='false'" /manifest:embed /DEBUG /PDB:"C:\Dev\Projects\LightingSimulation\Debug\LightingSimulation.pdb" /TLBID:1 /DYNAMICBASE /NXCOMPAT /IMPLIB:"C:\Dev\Projects\LightingSimulation\Debug\LightingSimulation.lib" /MACHINE:X86 Debug\Camera.obj
         Debug\Game.obj
         Debug\GameObject.obj
         Debug\Material.obj
         Debug\Mesh.obj
         Debug\MeshGenerator.obj
         Debug\Shader.obj
         Debug\Simulation.obj
         Debug\Timer.obj
         C:\Dev\Projects\LightingSimulation\DirectXTK\Bin\Windows81\Win32\Debug\DirectXTK.lib
         LightingSimulation.vcxproj -> C:\Dev\Projects\LightingSimulation\Debug\LightingSimulation.exe
     1>Done Building Project "C:\Dev\Projects\LightingSimulation\LightingSimulation\LightingSimulation.vcxproj" (Build target(s)).

Build succeeded.

Time Elapsed 00:00:02.04
