c:\dev\projects\lightingsimulation\lightingsimulation\debug\vc120.pdb
c:\dev\projects\lightingsimulation\lightingsimulation\debug\vc120.idb
c:\dev\projects\lightingsimulation\lightingsimulation\debug\camera.obj
c:\dev\projects\lightingsimulation\lightingsimulation\debug\game.obj
c:\dev\projects\lightingsimulation\lightingsimulation\debug\gameobject.obj
c:\dev\projects\lightingsimulation\lightingsimulation\debug\material.obj
c:\dev\projects\lightingsimulation\lightingsimulation\debug\mesh.obj
c:\dev\projects\lightingsimulation\lightingsimulation\debug\meshgenerator.obj
c:\dev\projects\lightingsimulation\lightingsimulation\debug\shader.obj
c:\dev\projects\lightingsimulation\lightingsimulation\debug\simulation.obj
c:\dev\projects\lightingsimulation\lightingsimulation\debug\timer.obj
c:\dev\projects\lightingsimulation\debug\defaultvertex.cso
c:\dev\projects\lightingsimulation\debug\defaultpixel.cso
c:\dev\projects\lightingsimulation\debug\lightingsimulation.ilk
c:\dev\projects\lightingsimulation\debug\lightingsimulation.exe
c:\dev\projects\lightingsimulation\debug\lightingsimulation.pdb
c:\dev\projects\lightingsimulation\lightingsimulation\debug\lighting.6bd44fc8.tlog\cl.command.1.tlog
c:\dev\projects\lightingsimulation\lightingsimulation\debug\lighting.6bd44fc8.tlog\cl.read.1.tlog
c:\dev\projects\lightingsimulation\lightingsimulation\debug\lighting.6bd44fc8.tlog\cl.write.1.tlog
c:\dev\projects\lightingsimulation\lightingsimulation\debug\lighting.6bd44fc8.tlog\fxc.command.1.tlog
c:\dev\projects\lightingsimulation\lightingsimulation\debug\lighting.6bd44fc8.tlog\fxc.read.1.tlog
c:\dev\projects\lightingsimulation\lightingsimulation\debug\lighting.6bd44fc8.tlog\fxc.write.1.tlog
c:\dev\projects\lightingsimulation\lightingsimulation\debug\lighting.6bd44fc8.tlog\lightingsimulation.write.1u.tlog
c:\dev\projects\lightingsimulation\lightingsimulation\debug\lighting.6bd44fc8.tlog\link.command.1.tlog
c:\dev\projects\lightingsimulation\lightingsimulation\debug\lighting.6bd44fc8.tlog\link.read.1.tlog
c:\dev\projects\lightingsimulation\lightingsimulation\debug\lighting.6bd44fc8.tlog\link.write.1.tlog
